2021-11-28 00:22:41 DEBUG Прибор4   : Начал измерение
2021-11-28 00:22:42 DEBUG Прибор4   : Завершение вручную
2021-11-28 00:32:23 DEBUG Прибор4   : Начал измерение
2021-11-28 00:32:24 DEBUG Прибор4   : Завершение вручную
2021-11-28 00:37:07 DEBUG Прибор4   : Начал измерение
2021-11-28 00:37:28 DEBUG Прибор4   : Начал измерение
2021-11-28 00:37:31 DEBUG Прибор4   : Анализирует данные
2021-11-28 00:37:31 DEBUG Прибор4   : Завершение вручную
2021-11-28 00:37:38 DEBUG Прибор4   : Начал измерение
2021-11-28 00:37:40 DEBUG Прибор4   : Фиксирует данные
2021-11-28 00:37:45 DEBUG Прибор4   : Фиксирует данные
2021-11-28 00:37:58 DEBUG Прибор4   : Проводит измерение
2021-11-28 00:38:07 DEBUG Прибор4   : Фиксирует данные
2021-11-28 00:38:17 DEBUG Прибор4   : Анализирует данные
2021-11-28 00:38:24 DEBUG Прибор4   : Фиксирует данные
2021-11-28 00:38:32 DEBUG Прибор4   : Проводит измерение
2021-11-28 00:38:45 DEBUG Прибор4   : Анализирует данные
2021-11-28 00:38:50 DEBUG Прибор4   : Проводит измерение
2021-11-28 00:39:00 DEBUG Прибор4   : Завершение работы
2021-11-28 00:39:38 DEBUG Прибор4   : Завершение вручную
2021-11-28 00:39:45 DEBUG Прибор4   : Завершение вручную
2021-11-28 00:39:45 DEBUG Прибор4   : Завершение вручную
