2021-11-28 17:34:39 SYSTEM Прибор8   : Начал измерение
2021-11-28 17:34:40 DEBUG  Прибор8   : Фиксирует данные
2021-11-28 17:34:50 DEBUG  Прибор8   : Фиксирует данные
2021-11-28 17:35:01 DEBUG  Прибор8   : Проводит измерение
2021-11-28 17:35:04 DEBUG  Прибор8   : Фиксирует данные
2021-11-28 17:35:10 DEBUG  Прибор8   : Анализирует данные
2021-11-28 17:35:23 SYSTEM Прибор8   : Завершение работы
2021-11-28 17:35:58 WARNING Прибор8   : Завершение вручную
2021-11-28 17:36:19 SYSTEM Прибор8   : Начал измерение
2021-11-28 17:36:26 DEBUG  Прибор8   : Фиксирует данные
2021-11-28 17:36:31 DEBUG  Прибор8   : Фиксирует данные
2021-11-28 17:36:35 DEBUG  Прибор8   : Проводит измерение
2021-11-28 17:36:38 DEBUG  Прибор8   : Анализирует данные
2021-11-28 17:36:48 DEBUG  Прибор8   : Анализирует данные
2021-11-28 17:36:59 DEBUG  Прибор8   : Проводит измерение
2021-11-28 17:37:10 DEBUG  Прибор8   : Анализирует данные
2021-11-28 17:37:23 DEBUG  Прибор8   : Анализирует данные
2021-11-28 17:37:29 DEBUG  Прибор8   : Проводит измерение
2021-11-28 17:37:39 DEBUG  Прибор8   : Проводит измерение
2021-11-28 17:37:45 DEBUG  Прибор8   : Фиксирует данные
2021-11-28 17:37:54 DEBUG  Прибор8   : Анализирует данные
