2021-11-28 00:18:03 DEBUG Прибор7   : Начал измерение
2021-11-28 00:18:09 DEBUG Прибор7   : Проводит измерение
2021-11-28 00:22:15 DEBUG Прибор7   : Начал измерение
2021-11-28 00:22:18 DEBUG Прибор7   : Проводит измерение
2021-11-28 00:22:24 DEBUG Прибор7   : Фиксирует данные
2021-11-28 00:22:32 DEBUG Прибор7   : Проводит измерение
2021-11-28 00:22:39 DEBUG Прибор7   : Фиксирует данные
2021-11-28 00:22:41 DEBUG Прибор7   : Начал измерение
2021-11-28 00:22:42 DEBUG Прибор7   : Завершение вручную
2021-11-28 00:32:23 DEBUG Прибор7   : Начал измерение
2021-11-28 00:32:24 DEBUG Прибор7   : Завершение вручную
2021-11-28 00:37:07 DEBUG Прибор7   : Начал измерение
2021-11-28 00:37:28 DEBUG Прибор7   : Начал измерение
2021-11-28 00:37:31 DEBUG Прибор7   : Проводит измерение
2021-11-28 00:37:31 DEBUG Прибор7   : Завершение вручную
2021-11-28 00:37:45 DEBUG Прибор7   : Завершение работы
2021-11-28 00:37:48 DEBUG Прибор7   : Начал измерение
2021-11-28 00:39:38 DEBUG Прибор7   : Завершение вручную
2021-11-28 00:39:45 DEBUG Прибор7   : Завершение вручную
2021-11-28 00:39:45 DEBUG Прибор7   : Завершение вручную
