2021-11-28 00:22:41 DEBUG Прибор10  : Начал измерение
2021-11-28 00:22:42 DEBUG Прибор10  : Завершение вручную
2021-11-28 00:32:23 DEBUG Прибор10  : Начал измерение
2021-11-28 00:32:24 DEBUG Прибор10  : Завершение вручную
2021-11-28 00:37:07 DEBUG Прибор10  : Начал измерение
2021-11-28 00:37:28 DEBUG Прибор10  : Начал измерение
2021-11-28 00:37:31 DEBUG Прибор10  : Завершение вручную
2021-11-28 00:37:33 DEBUG Прибор10  : Начал измерение
2021-11-28 00:37:34 DEBUG Прибор10  : Завершение вручную
2021-11-28 00:37:54 DEBUG Прибор10  : Начал измерение
2021-11-28 00:38:00 DEBUG Прибор10  : Проводит измерение
2021-11-28 00:38:10 DEBUG Прибор10  : Анализирует данные
2021-11-28 00:38:13 DEBUG Прибор10  : Анализирует данные
2021-11-28 00:38:18 DEBUG Прибор10  : Фиксирует данные
2021-11-28 00:38:30 DEBUG Прибор10  : Фиксирует данные
2021-11-28 00:38:36 DEBUG Прибор10  : Проводит измерение
2021-11-28 00:38:39 DEBUG Прибор10  : Фиксирует данные
2021-11-28 00:38:48 DEBUG Прибор10  : Анализирует данные
2021-11-28 00:39:02 DEBUG Прибор10  : Фиксирует данные
2021-11-28 00:39:16 DEBUG Прибор10  : Завершение с ошибкой
2021-11-28 00:39:38 DEBUG Прибор10  : Завершение вручную
2021-11-28 00:39:45 DEBUG Прибор10  : Завершение вручную
2021-11-28 00:39:45 DEBUG Прибор10  : Завершение вручную
