2021-11-28 00:00:40 DEBUG Прибор9   : Завершение вручную
2021-11-28 00:00:41 DEBUG Прибор9   : Начал измерение
2021-11-28 00:18:03 DEBUG Прибор9   : Начал измерение
2021-11-28 00:18:09 DEBUG Прибор9   : Анализирует данные
2021-11-28 00:22:15 DEBUG Прибор9   : Начал измерение
2021-11-28 00:22:19 DEBUG Прибор9   : Проводит измерение
2021-11-28 00:22:27 DEBUG Прибор9   : Фиксирует данные
2021-11-28 00:22:32 DEBUG Прибор9   : Анализирует данные
2021-11-28 00:22:41 DEBUG Прибор9   : Начал измерение
2021-11-28 00:22:42 DEBUG Прибор9   : Завершение вручную
2021-11-28 00:32:23 DEBUG Прибор9   : Начал измерение
2021-11-28 00:32:24 DEBUG Прибор9   : Завершение вручную
2021-11-28 00:37:07 DEBUG Прибор9   : Начал измерение
2021-11-28 00:37:28 DEBUG Прибор9   : Начал измерение
2021-11-28 00:37:30 DEBUG Прибор9   : Завершение с ошибкой
2021-11-28 00:37:31 DEBUG Прибор9   : Завершение вручную
2021-11-28 00:37:35 DEBUG Прибор9   : Начал измерение
2021-11-28 00:37:40 DEBUG Прибор9   : Завершение с ошибкой
2021-11-28 00:39:38 DEBUG Прибор9   : Завершение вручную
2021-11-28 00:39:45 DEBUG Прибор9   : Завершение вручную
2021-11-28 00:39:45 DEBUG Прибор9   : Завершение вручную
