2021-11-28 00:18:03 DEBUG Прибор3   : Начал измерение
2021-11-28 00:18:11 DEBUG Прибор3   : Проводит измерение
2021-11-28 00:22:15 DEBUG Прибор3   : Начал измерение
2021-11-28 00:22:21 DEBUG Прибор3   : Фиксирует данные
2021-11-28 00:22:35 DEBUG Прибор3   : Фиксирует данные
2021-11-28 00:22:41 DEBUG Прибор3   : Начал измерение
2021-11-28 00:22:42 DEBUG Прибор3   : Завершение вручную
2021-11-28 00:32:23 DEBUG Прибор3   : Начал измерение
2021-11-28 00:32:24 DEBUG Прибор3   : Завершение вручную
2021-11-28 00:37:07 DEBUG Прибор3   : Начал измерение
2021-11-28 00:37:28 DEBUG Прибор3   : Начал измерение
2021-11-28 00:37:31 DEBUG Прибор3   : Завершение работы
2021-11-28 00:37:31 DEBUG Прибор3   : Завершение вручную
2021-11-28 00:37:38 DEBUG Прибор3   : Начал измерение
2021-11-28 00:37:39 DEBUG Прибор3   : Анализирует данные
2021-11-28 00:37:45 DEBUG Прибор3   : Фиксирует данные
2021-11-28 00:37:46 DEBUG Прибор3   : Фиксирует данные
2021-11-28 00:37:55 DEBUG Прибор3   : Проводит измерение
2021-11-28 00:37:59 DEBUG Прибор3   : Проводит измерение
2021-11-28 00:38:04 DEBUG Прибор3   : Анализирует данные
2021-11-28 00:38:05 DEBUG Прибор3   : Проводит измерение
2021-11-28 00:38:15 DEBUG Прибор3   : Завершение с ошибкой
2021-11-28 00:39:38 DEBUG Прибор3   : Завершение вручную
2021-11-28 00:39:45 DEBUG Прибор3   : Завершение вручную
2021-11-28 00:39:45 DEBUG Прибор3   : Завершение вручную
